[debug] [2025-09-07T15:57:37.695Z] ----------------------------------------------------------------------
[debug] [2025-09-07T15:57:37.699Z] Command:       C:\Program Files\nodejs\node.exe C:\Users\zarak\AppData\Roaming\npm\node_modules\firebase-tools\lib\bin\firebase.js init
[debug] [2025-09-07T15:57:37.700Z] CLI Version:   14.11.1
[debug] [2025-09-07T15:57:37.701Z] Platform:      win32
[debug] [2025-09-07T15:57:37.701Z] Node Version:  v20.19.4
[debug] [2025-09-07T15:57:37.701Z] Time:          Sun Sep 07 2025 21:27:37 GMT+0530 (India Standard Time)
[debug] [2025-09-07T15:57:37.701Z] ----------------------------------------------------------------------
[debug] 
[debug] [2025-09-07T15:57:37.711Z] > command requires scopes: ["email","openid","https://www.googleapis.com/auth/cloudplatformprojects.readonly","https://www.googleapis.com/auth/firebase","https://www.googleapis.com/auth/cloud-platform"]
[debug] [2025-09-07T15:57:37.712Z] > authorizing via signed-in user (zarakhatun58@gmail.com)
[info] 
     ######## #### ########  ######## ########     ###     ######  ########
     ##        ##  ##     ## ##       ##     ##  ##   ##  ##       ##
     ######    ##  ########  ######   ########  #########  ######  ######
     ##        ##  ##    ##  ##       ##     ## ##     ##       ## ##
     ##       #### ##     ## ######## ########  ##     ##  ######  ########

You're about to initialize a Firebase project in this directory:

  D:\all-assignment\real-estate-app

[info] 
=== Project Setup
[info] 
[info] First, let's associate this project directory with a Firebase project.
[info] You can create multiple project aliases by running firebase use --add, 
[info] but for now we'll just set up a default project.
[info] 
[debug] [2025-09-07T15:58:38.093Z] Checked if tokens are valid: true, expires at: 1757264228208
[debug] [2025-09-07T15:58:38.093Z] Checked if tokens are valid: true, expires at: 1757264228208
[debug] [2025-09-07T15:58:38.095Z] >>> [apiv2][query] GET https://firebase.googleapis.com/v1beta1/projects pageSize=100
[debug] [2025-09-07T15:58:39.050Z] <<< [apiv2][status] GET https://firebase.googleapis.com/v1beta1/projects 200
[debug] [2025-09-07T15:58:39.050Z] <<< [apiv2][body] GET https://firebase.googleapis.com/v1beta1/projects [omitted]
[info] i  Using project admin-ui-15152 (Admin-ui) 
[info] 
=== Hosting Setup
[debug] [2025-09-07T15:59:07.975Z] Checked if tokens are valid: true, expires at: 1757264228208
[debug] [2025-09-07T15:59:07.975Z] Checked if tokens are valid: true, expires at: 1757264228208
[debug] [2025-09-07T15:59:07.975Z] >>> [apiv2][query] GET https://firebase.googleapis.com/v1beta1/projects/admin-ui-15152 [none]
[debug] [2025-09-07T15:59:08.559Z] <<< [apiv2][status] GET https://firebase.googleapis.com/v1beta1/projects/admin-ui-15152 200
[debug] [2025-09-07T15:59:08.560Z] <<< [apiv2][body] GET https://firebase.googleapis.com/v1beta1/projects/admin-ui-15152 {"projectId":"admin-ui-15152","projectNumber":"670410039326","displayName":"Admin-ui","name":"projects/admin-ui-15152","resources":{"hostingSite":"admin-ui-15152"},"state":"ACTIVE","etag":"1_588d19a0-cf0c-4caa-bd3d-b5ed5694882e"}
[info] 
[info] Your public directory is the folder (relative to your project directory) that
[info] will contain Hosting assets to be uploaded with firebase deploy. If you
[info] have a build process for your assets, use your build's output directory.
[info] 
[debug] [2025-09-07T15:59:12.094Z] ExitPromptError: User force closed the prompt with SIGINT
    at Interface.sigint (C:\Users\zarak\AppData\Roaming\npm\node_modules\firebase-tools\node_modules\@inquirer\core\dist\commonjs\lib\create-prompt.js:101:37)
    at Interface.emit (node:events:524:28)
    at Interface.emit (node:domain:489:12)
    at [_ttyWrite] [as _ttyWrite] (node:internal/readline/interface:1125:18)
    at ReadStream.onkeypress (node:internal/readline/interface:264:20)
    at ReadStream.emit (node:events:536:35)
    at ReadStream.emit (node:domain:489:12)
    at emitKeys (node:internal/readline/utils:371:14)
    at emitKeys.next (<anonymous>)
    at ReadStream.onData (node:internal/readline/emitKeypressEvents:64:36)
[error] 
[error] Error: An unexpected error has occurred.
[debug] [2025-09-07T15:59:19.034Z] ----------------------------------------------------------------------
[debug] [2025-09-07T15:59:19.038Z] Command:       C:\Program Files\nodejs\node.exe C:\Users\zarak\AppData\Roaming\npm\node_modules\firebase-tools\lib\bin\firebase.js init
[debug] [2025-09-07T15:59:19.040Z] CLI Version:   14.11.1
[debug] [2025-09-07T15:59:19.041Z] Platform:      win32
[debug] [2025-09-07T15:59:19.041Z] Node Version:  v20.19.4
[debug] [2025-09-07T15:59:19.041Z] Time:          Sun Sep 07 2025 21:29:19 GMT+0530 (India Standard Time)
[debug] [2025-09-07T15:59:19.041Z] ----------------------------------------------------------------------
[debug] 
[debug] [2025-09-07T15:59:19.053Z] > command requires scopes: ["email","openid","https://www.googleapis.com/auth/cloudplatformprojects.readonly","https://www.googleapis.com/auth/firebase","https://www.googleapis.com/auth/cloud-platform"]
[debug] [2025-09-07T15:59:19.055Z] > authorizing via signed-in user (zarakhatun58@gmail.com)
[info] 
     ######## #### ########  ######## ########     ###     ######  ########
     ##        ##  ##     ## ##       ##     ##  ##   ##  ##       ##
     ######    ##  ########  ######   ########  #########  ######  ######
     ##        ##  ##    ##  ##       ##     ## ##     ##       ## ##
     ##       #### ##     ## ######## ########  ##     ##  ######  ########

You're about to initialize a Firebase project in this directory:

  D:\all-assignment\real-estate-app

[info] 
=== Project Setup
[info] 
[info] First, let's associate this project directory with a Firebase project.
[info] You can create multiple project aliases by running firebase use --add, 
[info] but for now we'll just set up a default project.
[info] 
[info] i  If you want to create a project in a Google Cloud organization or folder, please use "firebase projects:create" instead, and return to this command when you've created the project. 
[debug] [2025-09-07T16:00:18.075Z] Checked if tokens are valid: true, expires at: 1757264228208
[debug] [2025-09-07T16:00:18.075Z] Checked if tokens are valid: true, expires at: 1757264228208
[debug] [2025-09-07T16:00:18.079Z] >>> [apiv2][query] POST https://firebase.googleapis.com/v1/projects:checkProjectId [none]
[debug] [2025-09-07T16:00:18.080Z] >>> [apiv2][body] POST https://firebase.googleapis.com/v1/projects:checkProjectId {"proposedId":" 123456"}
[debug] [2025-09-07T16:00:18.661Z] <<< [apiv2][status] POST https://firebase.googleapis.com/v1/projects:checkProjectId 200
[debug] [2025-09-07T16:00:18.661Z] <<< [apiv2][body] POST https://firebase.googleapis.com/v1/projects:checkProjectId {"projectIdStatus":"PROJECT_ID_NOT_VALID","suggestedProjectId":"project-3737988610191992697"}
[debug] [2025-09-07T16:00:27.313Z] Checked if tokens are valid: true, expires at: 1757264228208
[debug] [2025-09-07T16:00:27.314Z] Checked if tokens are valid: true, expires at: 1757264228208
[debug] [2025-09-07T16:00:27.316Z] >>> [apiv2][query] POST https://firebase.googleapis.com/v1/projects:checkProjectId [none]
[debug] [2025-09-07T16:00:27.317Z] >>> [apiv2][body] POST https://firebase.googleapis.com/v1/projects:checkProjectId {"proposedId":" 123456"}
[debug] [2025-09-07T16:00:27.838Z] <<< [apiv2][status] POST https://firebase.googleapis.com/v1/projects:checkProjectId 200
[debug] [2025-09-07T16:00:27.838Z] <<< [apiv2][body] POST https://firebase.googleapis.com/v1/projects:checkProjectId {"projectIdStatus":"PROJECT_ID_NOT_VALID","suggestedProjectId":"project-2814887887511296713"}
[debug] [2025-09-07T17:23:37.736Z] Checked if tokens are valid: false, expires at: 1757264228208
[debug] [2025-09-07T17:23:37.736Z] Checked if tokens are valid: false, expires at: 1757264228208
[debug] [2025-09-07T17:23:37.737Z] > refreshing access token with scopes: []
[debug] [2025-09-07T17:23:37.742Z] >>> [apiv2][query] POST https://www.googleapis.com/oauth2/v3/token [none]
[debug] [2025-09-07T17:23:37.743Z] >>> [apiv2][body] POST https://www.googleapis.com/oauth2/v3/token [omitted]
[debug] [2025-09-07T17:23:38.227Z] <<< [apiv2][status] POST https://www.googleapis.com/oauth2/v3/token 200
[debug] [2025-09-07T17:23:38.228Z] <<< [apiv2][body] POST https://www.googleapis.com/oauth2/v3/token [omitted]
[debug] [2025-09-07T17:23:38.244Z] >>> [apiv2][query] POST https://firebase.googleapis.com/v1/projects:checkProjectId [none]
[debug] [2025-09-07T17:23:38.245Z] >>> [apiv2][body] POST https://firebase.googleapis.com/v1/projects:checkProjectId {"proposedId":" 123456"}
[debug] [2025-09-07T17:23:39.187Z] <<< [apiv2][status] POST https://firebase.googleapis.com/v1/projects:checkProjectId 200
[debug] [2025-09-07T17:23:39.187Z] <<< [apiv2][body] POST https://firebase.googleapis.com/v1/projects:checkProjectId {"projectIdStatus":"PROJECT_ID_NOT_VALID","suggestedProjectId":"project-3001169009889417903"}
[debug] [2025-09-07T17:23:46.387Z] Checked if tokens are valid: true, expires at: 1757269417230
[debug] [2025-09-07T17:23:46.388Z] Checked if tokens are valid: true, expires at: 1757269417230
[debug] [2025-09-07T17:23:46.389Z] >>> [apiv2][query] POST https://firebase.googleapis.com/v1/projects:checkProjectId [none]
[debug] [2025-09-07T17:23:46.389Z] >>> [apiv2][body] POST https://firebase.googleapis.com/v1/projects:checkProjectId {"proposedId":" 12345623512351273"}
[debug] [2025-09-07T17:23:47.165Z] <<< [apiv2][status] POST https://firebase.googleapis.com/v1/projects:checkProjectId 200
[debug] [2025-09-07T17:23:47.165Z] <<< [apiv2][body] POST https://firebase.googleapis.com/v1/projects:checkProjectId {"projectIdStatus":"PROJECT_ID_NOT_VALID","suggestedProjectId":"project-3644446409889964331"}
[debug] [2025-09-07T17:24:03.531Z] Checked if tokens are valid: true, expires at: 1757269417230
[debug] [2025-09-07T17:24:03.531Z] Checked if tokens are valid: true, expires at: 1757269417230
[debug] [2025-09-07T17:24:03.535Z] >>> [apiv2][query] POST https://firebase.googleapis.com/v1/projects:checkProjectId [none]
[debug] [2025-09-07T17:24:03.535Z] >>> [apiv2][body] POST https://firebase.googleapis.com/v1/projects:checkProjectId {"proposedId":"y5357765"}
[debug] [2025-09-07T17:24:04.335Z] <<< [apiv2][status] POST https://firebase.googleapis.com/v1/projects:checkProjectId 200
[debug] [2025-09-07T17:24:04.335Z] <<< [apiv2][body] POST https://firebase.googleapis.com/v1/projects:checkProjectId {"projectIdStatus":"PROJECT_ID_AVAILABLE","suggestedProjectId":"y5357765"}
[debug] [2025-09-07T17:24:12.266Z] Checked if tokens are valid: true, expires at: 1757269417230
[debug] [2025-09-07T17:24:12.269Z] Checked if tokens are valid: true, expires at: 1757269417230
[debug] [2025-09-07T17:24:12.270Z] >>> [apiv2][query] POST https://cloudresourcemanager.googleapis.com/v1/projects [none]
[debug] [2025-09-07T17:24:12.270Z] >>> [apiv2][body] POST https://cloudresourcemanager.googleapis.com/v1/projects {"projectId":"y5357765","name":"y5357765"}
[debug] [2025-09-07T17:24:14.262Z] <<< [apiv2][status] POST https://cloudresourcemanager.googleapis.com/v1/projects 200
[debug] [2025-09-07T17:24:14.262Z] <<< [apiv2][body] POST https://cloudresourcemanager.googleapis.com/v1/projects {"name":"operations/create_project.global.5378817386860372963"}
[debug] [2025-09-07T17:24:14.263Z] Checked if tokens are valid: true, expires at: 1757269417230
[debug] [2025-09-07T17:24:14.264Z] Checked if tokens are valid: true, expires at: 1757269417230
[debug] [2025-09-07T17:24:14.264Z] >>> [apiv2][query] GET https://cloudresourcemanager.googleapis.com/v1/operations/create_project.global.5378817386860372963 [none]
[debug] [2025-09-07T17:24:15.726Z] <<< [apiv2][status] GET https://cloudresourcemanager.googleapis.com/v1/operations/create_project.global.5378817386860372963 200
[debug] [2025-09-07T17:24:15.726Z] <<< [apiv2][body] GET https://cloudresourcemanager.googleapis.com/v1/operations/create_project.global.5378817386860372963 {"name":"operations/create_project.global.5378817386860372963","metadata":{"@type":"type.googleapis.com/google.cloudresourcemanager.v1.ProjectCreationStatus","gettable":true,"ready":true},"done":true,"response":{"@type":"type.googleapis.com/google.cloudresourcemanager.v1.Project","projectNumber":"1095519242554","projectId":"y5357765","lifecycleState":"ACTIVE","name":"y5357765","createTime":"2025-09-07T17:24:15.959392Z"}}
[debug] [2025-09-07T17:24:15.728Z] Checked if tokens are valid: true, expires at: 1757269417230
[debug] [2025-09-07T17:24:15.728Z] Checked if tokens are valid: true, expires at: 1757269417230
[debug] [2025-09-07T17:24:15.729Z] >>> [apiv2][query] POST https://firebase.googleapis.com/v1beta1/projects/y5357765:addFirebase [none]
[debug] [2025-09-07T17:24:20.590Z] <<< [apiv2][status] POST https://firebase.googleapis.com/v1beta1/projects/y5357765:addFirebase 200
[debug] [2025-09-07T17:24:20.591Z] <<< [apiv2][body] POST https://firebase.googleapis.com/v1beta1/projects/y5357765:addFirebase {"name":"operations/workflows/ODU1M2RjYzItZWVhZS00MGQ5LTllMWYtNDk5ZDgyYjg5MTE3"}
[debug] [2025-09-07T17:24:20.591Z] Checked if tokens are valid: true, expires at: 1757269417230
[debug] [2025-09-07T17:24:20.591Z] Checked if tokens are valid: true, expires at: 1757269417230
[debug] [2025-09-07T17:24:20.591Z] >>> [apiv2][query] GET https://firebase.googleapis.com/v1beta1/operations/workflows/ODU1M2RjYzItZWVhZS00MGQ5LTllMWYtNDk5ZDgyYjg5MTE3 [none]
[debug] [2025-09-07T17:24:25.584Z] <<< [apiv2][status] GET https://firebase.googleapis.com/v1beta1/operations/workflows/ODU1M2RjYzItZWVhZS00MGQ5LTllMWYtNDk5ZDgyYjg5MTE3 200
[debug] [2025-09-07T17:24:25.585Z] <<< [apiv2][body] GET https://firebase.googleapis.com/v1beta1/operations/workflows/ODU1M2RjYzItZWVhZS00MGQ5LTllMWYtNDk5ZDgyYjg5MTE3 {"name":"operations/workflows/ODU1M2RjYzItZWVhZS00MGQ5LTllMWYtNDk5ZDgyYjg5MTE3"}
[debug] [2025-09-07T17:24:26.093Z] [Add Firebase Poller] Retrying task index 0
[debug] [2025-09-07T17:24:26.093Z] Checked if tokens are valid: true, expires at: 1757269417230
[debug] [2025-09-07T17:24:26.093Z] Checked if tokens are valid: true, expires at: 1757269417230
[debug] [2025-09-07T17:24:26.093Z] >>> [apiv2][query] GET https://firebase.googleapis.com/v1beta1/operations/workflows/ODU1M2RjYzItZWVhZS00MGQ5LTllMWYtNDk5ZDgyYjg5MTE3 [none]
[debug] [2025-09-07T17:24:26.826Z] <<< [apiv2][status] GET https://firebase.googleapis.com/v1beta1/operations/workflows/ODU1M2RjYzItZWVhZS00MGQ5LTllMWYtNDk5ZDgyYjg5MTE3 200
[debug] [2025-09-07T17:24:26.826Z] <<< [apiv2][body] GET https://firebase.googleapis.com/v1beta1/operations/workflows/ODU1M2RjYzItZWVhZS00MGQ5LTllMWYtNDk5ZDgyYjg5MTE3 {"name":"operations/workflows/ODU1M2RjYzItZWVhZS00MGQ5LTllMWYtNDk5ZDgyYjg5MTE3"}
[debug] [2025-09-07T17:24:27.830Z] [Add Firebase Poller] Retrying task index 0
[debug] [2025-09-07T17:24:27.831Z] Checked if tokens are valid: true, expires at: 1757269417230
[debug] [2025-09-07T17:24:27.831Z] Checked if tokens are valid: true, expires at: 1757269417230
[debug] [2025-09-07T17:24:27.831Z] >>> [apiv2][query] GET https://firebase.googleapis.com/v1beta1/operations/workflows/ODU1M2RjYzItZWVhZS00MGQ5LTllMWYtNDk5ZDgyYjg5MTE3 [none]
[debug] [2025-09-07T17:24:28.840Z] <<< [apiv2][status] GET https://firebase.googleapis.com/v1beta1/operations/workflows/ODU1M2RjYzItZWVhZS00MGQ5LTllMWYtNDk5ZDgyYjg5MTE3 200
[debug] [2025-09-07T17:24:28.840Z] <<< [apiv2][body] GET https://firebase.googleapis.com/v1beta1/operations/workflows/ODU1M2RjYzItZWVhZS00MGQ5LTllMWYtNDk5ZDgyYjg5MTE3 {"name":"operations/workflows/ODU1M2RjYzItZWVhZS00MGQ5LTllMWYtNDk5ZDgyYjg5MTE3"}
[debug] [2025-09-07T17:24:30.846Z] [Add Firebase Poller] Retrying task index 0
[debug] [2025-09-07T17:24:30.846Z] Checked if tokens are valid: true, expires at: 1757269417230
[debug] [2025-09-07T17:24:30.846Z] Checked if tokens are valid: true, expires at: 1757269417230
[debug] [2025-09-07T17:24:30.846Z] >>> [apiv2][query] GET https://firebase.googleapis.com/v1beta1/operations/workflows/ODU1M2RjYzItZWVhZS00MGQ5LTllMWYtNDk5ZDgyYjg5MTE3 [none]
[debug] [2025-09-07T17:24:31.674Z] <<< [apiv2][status] GET https://firebase.googleapis.com/v1beta1/operations/workflows/ODU1M2RjYzItZWVhZS00MGQ5LTllMWYtNDk5ZDgyYjg5MTE3 200
[debug] [2025-09-07T17:24:31.675Z] <<< [apiv2][body] GET https://firebase.googleapis.com/v1beta1/operations/workflows/ODU1M2RjYzItZWVhZS00MGQ5LTllMWYtNDk5ZDgyYjg5MTE3 {"name":"operations/workflows/ODU1M2RjYzItZWVhZS00MGQ5LTllMWYtNDk5ZDgyYjg5MTE3","done":true,"response":{"@type":"type.googleapis.com/google.firebase.service.v1beta1.FirebaseProject","projectId":"y5357765","projectNumber":"1095519242554","displayName":"y5357765","name":"projects/y5357765","resources":{"hostingSite":"y5357765"}}}
[info] 
[info] === Your Firebase project is ready! ===
[info] 
[info] Project information:
[info]    - Project ID: y5357765
[info]    - Project Name: y5357765
[info] 
[info] Firebase console is available at
[info] https://console.firebase.google.com/project/y5357765/overview
[info] i  Using project y5357765 (y5357765) 
[info] 
=== Hosting Setup
[debug] [2025-09-07T17:24:31.694Z] Checked if tokens are valid: true, expires at: 1757269417230
[debug] [2025-09-07T17:24:31.694Z] Checked if tokens are valid: true, expires at: 1757269417230
[debug] [2025-09-07T17:24:31.694Z] >>> [apiv2][query] GET https://firebase.googleapis.com/v1beta1/projects/y5357765 [none]
[debug] [2025-09-07T17:24:32.897Z] <<< [apiv2][status] GET https://firebase.googleapis.com/v1beta1/projects/y5357765 200
[debug] [2025-09-07T17:24:32.898Z] <<< [apiv2][body] GET https://firebase.googleapis.com/v1beta1/projects/y5357765 {"projectId":"y5357765","projectNumber":"1095519242554","displayName":"y5357765","name":"projects/y5357765","resources":{"hostingSite":"y5357765"},"state":"ACTIVE","etag":"1_08ed71c6-32f3-489e-adb5-1905b4e781bb"}
[info] 
[info] Your public directory is the folder (relative to your project directory) that
[info] will contain Hosting assets to be uploaded with firebase deploy. If you
[info] have a build process for your assets, use your build's output directory.
[info] 
[debug] [2025-09-07T17:25:09.136Z] >>> [apiv2][query] GET https://www.gstatic.com/firebasejs/releases.json [none]
[debug] [2025-09-07T17:25:09.456Z] <<< [apiv2][status] GET https://www.gstatic.com/firebasejs/releases.json 200
[debug] [2025-09-07T17:25:09.457Z] <<< [apiv2][body] GET https://www.gstatic.com/firebasejs/releases.json {"current":{"version":"12.2.1","browserURL":"https://www.gstatic.com/firebasejs/12.2.1/firebase.js","packageURL":"https://www.gstatic.com/firebasejs/12.2.1/firebase.tgz"},"live":{"version":"12.2","browserURL":"https://www.gstatic.com/firebasejs/live/12.2/firebase.js","packageURL":"https://www.gstatic.com/firebasejs/live/12.2/firebase.tgz"},"components":{"ai":"https://www.gstatic.com/firebasejs/12.2.1/firebase-ai.js","analytics":"https://www.gstatic.com/firebasejs/12.2.1/firebase-analytics.js","app":"https://www.gstatic.com/firebasejs/12.2.1/firebase-app.js","app-check":"https://www.gstatic.com/firebasejs/12.2.1/firebase-app-check.js","auth":"https://www.gstatic.com/firebasejs/12.2.1/firebase-auth.js","auth/cordova":"https://www.gstatic.com/firebasejs/12.2.1/firebase-auth/cordova.js","auth/web-extension":"https://www.gstatic.com/firebasejs/12.2.1/firebase-auth/web-extension.js","functions":"https://www.gstatic.com/firebasejs/12.2.1/firebase-functions.js","firestore":"https://www.gstatic.com/firebasejs/12.2.1/firebase-firestore.js","firestore/lite":"https://www.gstatic.com/firebasejs/12.2.1/firebase-firestore/lite.js","installations":"https://www.gstatic.com/firebasejs/12.2.1/firebase-installations.js","storage":"https://www.gstatic.com/firebasejs/12.2.1/firebase-storage.js","performance":"https://www.gstatic.com/firebasejs/12.2.1/firebase-performance.js","remote-config":"https://www.gstatic.com/firebasejs/12.2.1/firebase-remote-config.js","messaging":"https://www.gstatic.com/firebasejs/12.2.1/firebase-messaging.js","messaging/sw":"https://www.gstatic.com/firebasejs/12.2.1/firebase-messaging/sw.js","database":"https://www.gstatic.com/firebasejs/12.2.1/firebase-database.js","data-connect":"https://www.gstatic.com/firebasejs/12.2.1/firebase-data-connect.js","firestore.memory":"https://www.gstatic.com/firebasejs/12.2.1/firebase-firestore.memory.js"}}
[info] +  Wrote public/index.html 
[info] 
[info] i  Detected a .git folder at D:\all-assignment\real-estate-app 
[info] i  Authorizing with GitHub to upload your service account to a GitHub repository's secrets store. 
[info] 
[info] Visit this URL on this device to log in:
[info] https://github.com/login/oauth/authorize?client_id=89cf50f02ac6aaed3484&state=876288946&redirect_uri=http%3A%2F%2Flocalhost%3A9005&scope=read%3Auser%20repo%20public_repo
[info] 
[info] Waiting for authentication...
[debug] [2025-09-07T17:25:34.926Z] >>> [apiv2][query] POST https://github.com/login/oauth/access_token [none]
[debug] [2025-09-07T17:25:34.927Z] >>> [apiv2][body] POST https://github.com/login/oauth/access_token [stream]
[debug] [2025-09-07T17:25:35.474Z] <<< [apiv2][status] POST https://github.com/login/oauth/access_token 200
[debug] [2025-09-07T17:25:35.475Z] <<< [apiv2][body] POST https://github.com/login/oauth/access_token {"access_token":"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","token_type":"bearer","scope":"read:user,repo"}
[debug] [2025-09-07T17:25:35.486Z] >>> [apiv2][query] GET https://api.github.com/user [none]
[debug] [2025-09-07T17:25:36.307Z] <<< [apiv2][status] GET https://api.github.com/user 200
[debug] [2025-09-07T17:25:36.308Z] <<< [apiv2][body] GET https://api.github.com/user {"login":"zarakhatun58","id":85695567,"node_id":"MDQ6VXNlcjg1Njk1NTY3","avatar_url":"https://avatars.githubusercontent.com/u/85695567?v=4","gravatar_id":"","url":"https://api.github.com/users/zarakhatun58","html_url":"https://github.com/zarakhatun58","followers_url":"https://api.github.com/users/zarakhatun58/followers","following_url":"https://api.github.com/users/zarakhatun58/following{/other_user}","gists_url":"https://api.github.com/users/zarakhatun58/gists{/gist_id}","starred_url":"https://api.github.com/users/zarakhatun58/starred{/owner}{/repo}","subscriptions_url":"https://api.github.com/users/zarakhatun58/subscriptions","organizations_url":"https://api.github.com/users/zarakhatun58/orgs","repos_url":"https://api.github.com/users/zarakhatun58/repos","events_url":"https://api.github.com/users/zarakhatun58/events{/privacy}","received_events_url":"https://api.github.com/users/zarakhatun58/received_events","type":"User","user_view_type":"private","site_admin":false,"name":"Jahanara Khatun","company":null,"blog":"https://my-profile-ca6f2.web.app/","location":"kolkata, india","email":null,"hireable":null,"bio":"A Professional and dedicated Full Stack | MERN Stack Web Developer | Frontend Developer | React Developer | Node js Developer","twitter_username":null,"notification_email":null,"public_repos":113,"public_gists":0,"followers":12,"following":36,"created_at":"2021-06-10T15:37:57Z","updated_at":"2025-07-06T15:44:45Z","private_gists":0,"total_private_repos":12,"owned_private_repos":12,"disk_usage":1004938,"collaborators":0,"two_factor_authentication":false,"plan":{"name":"free","space":976562499,"collaborators":0,"private_repos":10000}}
[info] 
[info] +  Success! Logged into GitHub as zarakhatun58 
[info] 
[debug] [2025-09-07T17:25:53.135Z] >>> [apiv2][query] GET https://api.github.com/repos//actions/secrets/public-key type=owner
[debug] [2025-09-07T17:25:53.824Z] <<< [apiv2][status] GET https://api.github.com/repos//actions/secrets/public-key 404
[debug] [2025-09-07T17:25:53.825Z] <<< [apiv2][body] GET https://api.github.com/repos//actions/secrets/public-key {"message":"Not Found","documentation_url":"https://docs.github.com/rest","status":"404"}
[info] 
[info] 
[error] !  The provided authorization cannot be used with this repository. If this repository is in an organization, did you remember to grant access? 
[info] 
[info] i  Action required: Visit this URL to ensure access has been granted to the appropriate organization(s) for the Firebase CLI GitHub OAuth App: 
[info] https://github.com/settings/connections/applications/89cf50f02ac6aaed3484
[info] 
[debug] [2025-09-07T17:26:08.580Z] >>> [apiv2][query] GET https://api.github.com/repos/user/actions/secrets/public-key type=owner
[debug] [2025-09-07T17:26:09.403Z] <<< [apiv2][status] GET https://api.github.com/repos/user/actions/secrets/public-key 404
[debug] [2025-09-07T17:26:09.404Z] <<< [apiv2][body] GET https://api.github.com/repos/user/actions/secrets/public-key {"message":"Not Found","documentation_url":"https://docs.github.com/rest","status":"404"}
[info] 
[info] 
[error] !  The provided authorization cannot be used with this repository. If this repository is in an organization, did you remember to grant access? 
[info] 
[info] i  Action required: Visit this URL to ensure access has been granted to the appropriate organization(s) for the Firebase CLI GitHub OAuth App: 
[info] https://github.com/settings/connections/applications/89cf50f02ac6aaed3484
[info] 
[debug] [2025-09-07T17:26:12.348Z] >>> [apiv2][query] GET https://api.github.com/repos/user/actions/secrets/public-key type=owner
[debug] [2025-09-07T17:26:12.734Z] <<< [apiv2][status] GET https://api.github.com/repos/user/actions/secrets/public-key 404
[debug] [2025-09-07T17:26:12.735Z] <<< [apiv2][body] GET https://api.github.com/repos/user/actions/secrets/public-key {"message":"Not Found","documentation_url":"https://docs.github.com/rest","status":"404"}
[info] 
[info] 
[error] !  The provided authorization cannot be used with this repository. If this repository is in an organization, did you remember to grant access? 
[info] 
[info] i  Action required: Visit this URL to ensure access has been granted to the appropriate organization(s) for the Firebase CLI GitHub OAuth App: 
[info] https://github.com/settings/connections/applications/89cf50f02ac6aaed3484
[info] 
[debug] [2025-09-07T17:26:33.473Z] >>> [apiv2][query] GET https://api.github.com/repos/user/actions/secrets/public-key type=owner
[debug] [2025-09-07T17:26:33.892Z] <<< [apiv2][status] GET https://api.github.com/repos/user/actions/secrets/public-key 404
[debug] [2025-09-07T17:26:33.892Z] <<< [apiv2][body] GET https://api.github.com/repos/user/actions/secrets/public-key {"message":"Not Found","documentation_url":"https://docs.github.com/rest","status":"404"}
[info] 
[info] 
[error] !  The provided authorization cannot be used with this repository. If this repository is in an organization, did you remember to grant access? 
[info] 
[info] i  Action required: Visit this URL to ensure access has been granted to the appropriate organization(s) for the Firebase CLI GitHub OAuth App: 
[info] https://github.com/settings/connections/applications/89cf50f02ac6aaed3484
[info] 
[debug] [2025-09-07T17:26:34.005Z] >>> [apiv2][query] GET https://api.github.com/repos/user/actions/secrets/public-key type=owner
[debug] [2025-09-07T17:26:34.655Z] <<< [apiv2][status] GET https://api.github.com/repos/user/actions/secrets/public-key 404
[debug] [2025-09-07T17:26:34.655Z] <<< [apiv2][body] GET https://api.github.com/repos/user/actions/secrets/public-key {"message":"Not Found","documentation_url":"https://docs.github.com/rest","status":"404"}
[info] 
[info] 
[error] !  The provided authorization cannot be used with this repository. If this repository is in an organization, did you remember to grant access? 
[info] 
[info] i  Action required: Visit this URL to ensure access has been granted to the appropriate organization(s) for the Firebase CLI GitHub OAuth App: 
[info] https://github.com/settings/connections/applications/89cf50f02ac6aaed3484
[info] 
[debug] [2025-09-07T17:26:36.247Z] >>> [apiv2][query] GET https://api.github.com/repos/user/actions/secrets/public-key type=owner
[debug] [2025-09-07T17:26:36.685Z] <<< [apiv2][status] GET https://api.github.com/repos/user/actions/secrets/public-key 404
[debug] [2025-09-07T17:26:36.686Z] <<< [apiv2][body] GET https://api.github.com/repos/user/actions/secrets/public-key {"message":"Not Found","documentation_url":"https://docs.github.com/rest","status":"404"}
[info] 
[info] 
[error] !  The provided authorization cannot be used with this repository. If this repository is in an organization, did you remember to grant access? 
[info] 
[info] i  Action required: Visit this URL to ensure access has been granted to the appropriate organization(s) for the Firebase CLI GitHub OAuth App: 
[info] https://github.com/settings/connections/applications/89cf50f02ac6aaed3484
[info] 
[debug] [2025-09-07T17:26:36.696Z] >>> [apiv2][query] GET https://api.github.com/repos/user/actions/secrets/public-key type=owner
[debug] [2025-09-07T17:26:37.245Z] <<< [apiv2][status] GET https://api.github.com/repos/user/actions/secrets/public-key 404
[debug] [2025-09-07T17:26:37.246Z] <<< [apiv2][body] GET https://api.github.com/repos/user/actions/secrets/public-key {"message":"Not Found","documentation_url":"https://docs.github.com/rest","status":"404"}
[info] 
[info] 
[error] !  The provided authorization cannot be used with this repository. If this repository is in an organization, did you remember to grant access? 
[info] 
[info] i  Action required: Visit this URL to ensure access has been granted to the appropriate organization(s) for the Firebase CLI GitHub OAuth App: 
[info] https://github.com/settings/connections/applications/89cf50f02ac6aaed3484
[info] 
[debug] [2025-09-07T17:27:02.541Z] >>> [apiv2][query] GET https://api.github.com/repos/user/repository/actions/secrets/public-key type=owner
[debug] [2025-09-07T17:27:03.045Z] <<< [apiv2][status] GET https://api.github.com/repos/user/repository/actions/secrets/public-key 404
[debug] [2025-09-07T17:27:03.046Z] <<< [apiv2][body] GET https://api.github.com/repos/user/repository/actions/secrets/public-key {"message":"Not Found","documentation_url":"https://docs.github.com/rest/actions/secrets#get-a-repository-public-key","status":"404"}
[info] 
[info] 
[error] !  The provided authorization cannot be used with this repository. If this repository is in an organization, did you remember to grant access? 
[info] 
[info] i  Action required: Visit this URL to ensure access has been granted to the appropriate organization(s) for the Firebase CLI GitHub OAuth App: 
[info] https://github.com/settings/connections/applications/89cf50f02ac6aaed3484
[info] 
[debug] [2025-09-07T17:29:04.877Z] >>> [apiv2][query] GET https://api.github.com/repos/user/repository   /actions/secrets/public-key type=owner
[debug] [2025-09-07T17:29:05.515Z] <<< [apiv2][status] GET https://api.github.com/repos/user/repository   /actions/secrets/public-key 404
[debug] [2025-09-07T17:29:05.516Z] <<< [apiv2][body] GET https://api.github.com/repos/user/repository   /actions/secrets/public-key {"message":"Not Found","documentation_url":"https://docs.github.com/rest/actions/secrets#get-a-repository-public-key","status":"404"}
[info] 
[info] 
[error] !  The provided authorization cannot be used with this repository. If this repository is in an organization, did you remember to grant access? 
[info] 
[info] i  Action required: Visit this URL to ensure access has been granted to the appropriate organization(s) for the Firebase CLI GitHub OAuth App: 
[info] https://github.com/settings/connections/applications/89cf50f02ac6aaed3484
[info] 
[debug] [2025-09-07T17:29:15.510Z] ExitPromptError: User force closed the prompt with SIGINT
    at Interface.sigint (C:\Users\zarak\AppData\Roaming\npm\node_modules\firebase-tools\node_modules\@inquirer\core\dist\commonjs\lib\create-prompt.js:101:37)
    at Interface.emit (node:events:524:28)
    at Interface.emit (node:domain:489:12)
    at [_ttyWrite] [as _ttyWrite] (node:internal/readline/interface:1125:18)
    at ReadStream.onkeypress (node:internal/readline/interface:264:20)
    at ReadStream.emit (node:events:536:35)
    at ReadStream.emit (node:domain:489:12)
    at emitKeys (node:internal/readline/utils:371:14)
    at emitKeys.next (<anonymous>)
    at ReadStream.onData (node:internal/readline/emitKeypressEvents:64:36)
[error] 
[error] Error: An unexpected error has occurred.
[debug] [2025-09-07T17:29:22.323Z] ----------------------------------------------------------------------
[debug] [2025-09-07T17:29:22.327Z] Command:       C:\Program Files\nodejs\node.exe C:\Users\zarak\AppData\Roaming\npm\node_modules\firebase-tools\lib\bin\firebase.js init hosting
[debug] [2025-09-07T17:29:22.328Z] CLI Version:   14.11.1
[debug] [2025-09-07T17:29:22.328Z] Platform:      win32
[debug] [2025-09-07T17:29:22.328Z] Node Version:  v20.19.4
[debug] [2025-09-07T17:29:22.328Z] Time:          Sun Sep 07 2025 22:59:22 GMT+0530 (India Standard Time)
[debug] [2025-09-07T17:29:22.328Z] ----------------------------------------------------------------------
[debug] 
[debug] [2025-09-07T17:29:22.335Z] > command requires scopes: ["email","openid","https://www.googleapis.com/auth/cloudplatformprojects.readonly","https://www.googleapis.com/auth/firebase","https://www.googleapis.com/auth/cloud-platform"]
[debug] [2025-09-07T17:29:22.336Z] > authorizing via signed-in user (zarakhatun58@gmail.com)
[info] 
     ######## #### ########  ######## ########     ###     ######  ########
     ##        ##  ##     ## ##       ##     ##  ##   ##  ##       ##
     ######    ##  ########  ######   ########  #########  ######  ######
     ##        ##  ##    ##  ##       ##     ## ##     ##       ## ##
     ##       #### ##     ## ######## ########  ##     ##  ######  ########

You're about to initialize a Firebase project in this directory:

  D:\all-assignment\real-estate-app

[info] 
=== Project Setup
[info] 
[info] First, let's associate this project directory with a Firebase project.
[info] You can create multiple project aliases by running firebase use --add, 
[info] but for now we'll just set up a default project.
[info] 
[info] i  If you want to create a project in a Google Cloud organization or folder, please use "firebase projects:create" instead, and return to this command when you've created the project. 
[debug] [2025-09-07T17:30:43.823Z] Checked if tokens are valid: true, expires at: 1757269417230
[debug] [2025-09-07T17:30:43.824Z] Checked if tokens are valid: true, expires at: 1757269417230
[debug] [2025-09-07T17:30:43.826Z] >>> [apiv2][query] POST https://firebase.googleapis.com/v1/projects:checkProjectId [none]
[debug] [2025-09-07T17:30:43.826Z] >>> [apiv2][body] POST https://firebase.googleapis.com/v1/projects:checkProjectId {"proposedId":"786123r"}
[debug] [2025-09-07T17:30:44.976Z] <<< [apiv2][status] POST https://firebase.googleapis.com/v1/projects:checkProjectId 200
[debug] [2025-09-07T17:30:44.976Z] <<< [apiv2][body] POST https://firebase.googleapis.com/v1/projects:checkProjectId {"projectIdStatus":"PROJECT_ID_NOT_VALID","suggestedProjectId":"r-74d38"}
[debug] [2025-09-07T17:30:50.554Z] Checked if tokens are valid: true, expires at: 1757269417230
[debug] [2025-09-07T17:30:50.555Z] Checked if tokens are valid: true, expires at: 1757269417230
[debug] [2025-09-07T17:30:50.557Z] >>> [apiv2][query] POST https://firebase.googleapis.com/v1/projects:checkProjectId [none]
[debug] [2025-09-07T17:30:50.557Z] >>> [apiv2][body] POST https://firebase.googleapis.com/v1/projects:checkProjectId {"proposedId":"786123r7678"}
[debug] [2025-09-07T17:30:51.573Z] <<< [apiv2][status] POST https://firebase.googleapis.com/v1/projects:checkProjectId 200
[debug] [2025-09-07T17:30:51.574Z] <<< [apiv2][body] POST https://firebase.googleapis.com/v1/projects:checkProjectId {"projectIdStatus":"PROJECT_ID_NOT_VALID","suggestedProjectId":"r7678-25544"}
[debug] [2025-09-07T17:30:55.373Z] Checked if tokens are valid: true, expires at: 1757269417230
[debug] [2025-09-07T17:30:55.373Z] Checked if tokens are valid: true, expires at: 1757269417230
[debug] [2025-09-07T17:30:55.374Z] >>> [apiv2][query] POST https://firebase.googleapis.com/v1/projects:checkProjectId [none]
[debug] [2025-09-07T17:30:55.374Z] >>> [apiv2][body] POST https://firebase.googleapis.com/v1/projects:checkProjectId {"proposedId":"786123r76786576"}
[debug] [2025-09-07T17:30:56.308Z] <<< [apiv2][status] POST https://firebase.googleapis.com/v1/projects:checkProjectId 200
[debug] [2025-09-07T17:30:56.309Z] <<< [apiv2][body] POST https://firebase.googleapis.com/v1/projects:checkProjectId {"projectIdStatus":"PROJECT_ID_NOT_VALID","suggestedProjectId":"r76786576-46b14"}
[debug] [2025-09-07T17:30:59.328Z] Checked if tokens are valid: true, expires at: 1757269417230
[debug] [2025-09-07T17:30:59.328Z] Checked if tokens are valid: true, expires at: 1757269417230
[debug] [2025-09-07T17:30:59.330Z] >>> [apiv2][query] POST https://firebase.googleapis.com/v1/projects:checkProjectId [none]
[debug] [2025-09-07T17:30:59.330Z] >>> [apiv2][body] POST https://firebase.googleapis.com/v1/projects:checkProjectId {"proposedId":"786123r767865765454"}
[debug] [2025-09-07T17:31:00.029Z] <<< [apiv2][status] POST https://firebase.googleapis.com/v1/projects:checkProjectId 200
[debug] [2025-09-07T17:31:00.029Z] <<< [apiv2][body] POST https://firebase.googleapis.com/v1/projects:checkProjectId {"projectIdStatus":"PROJECT_ID_NOT_VALID","suggestedProjectId":"r767865765454"}
[debug] [2025-09-07T17:31:05.813Z] Checked if tokens are valid: true, expires at: 1757269417230
[debug] [2025-09-07T17:31:05.813Z] Checked if tokens are valid: true, expires at: 1757269417230
[debug] [2025-09-07T17:31:05.816Z] >>> [apiv2][query] POST https://firebase.googleapis.com/v1/projects:checkProjectId [none]
[debug] [2025-09-07T17:31:05.816Z] >>> [apiv2][body] POST https://firebase.googleapis.com/v1/projects:checkProjectId {"proposedId":"7hgh545"}
[debug] [2025-09-07T17:31:07.109Z] <<< [apiv2][status] POST https://firebase.googleapis.com/v1/projects:checkProjectId 200
[debug] [2025-09-07T17:31:07.109Z] <<< [apiv2][body] POST https://firebase.googleapis.com/v1/projects:checkProjectId {"projectIdStatus":"PROJECT_ID_NOT_VALID","suggestedProjectId":"hgh545"}
[debug] [2025-09-07T17:31:18.449Z] ExitPromptError: User force closed the prompt with SIGINT
    at Interface.sigint (C:\Users\zarak\AppData\Roaming\npm\node_modules\firebase-tools\node_modules\@inquirer\core\dist\commonjs\lib\create-prompt.js:101:37)
    at Interface.emit (node:events:524:28)
    at Interface.emit (node:domain:489:12)
    at [_ttyWrite] [as _ttyWrite] (node:internal/readline/interface:1125:18)
    at ReadStream.onkeypress (node:internal/readline/interface:264:20)
    at ReadStream.emit (node:events:536:35)
    at ReadStream.emit (node:domain:489:12)
    at emitKeys (node:internal/readline/utils:371:14)
    at emitKeys.next (<anonymous>)
    at ReadStream.onData (node:internal/readline/emitKeypressEvents:64:36)
[error] 
[error] Error: An unexpected error has occurred.
